[LOG] System::create                           : Header version = 1.10.01. Current version = 1.10.01.
[LOG] Manager::init                            : maxchannels = 256 studioflags = 00000006 flags 00000000 extradriverdata 0000000000000000.
[LOG] SystemI::init                            : FMOD Studio Version: 00011001 (91339)
[LOG] SystemI::init                            : maxchannels = 256, flags = 00020000, extradriverdata = 0000000000000000
[LOG] SystemI::setOutputInternal               : Setting output to type 0
[LOG] SystemI::setOutputInternal               : Setting output to type 8
[LOG] SystemI::setOutputInternal               : Setting output to type 8
[LOG] OutputWASAPI::init                       : Mix Format (WAVEFORMATEX): wFormatTag=0xFFFE, nChannels=2, nSamplesPerSec=44100, nAvgBytesPerSec=352800, nBlockAlign=8, wBitsPerSample=32, cbSize=22.
[LOG] OutputWASAPI::init                       : Mix Format (WAVEFORMATEXTENSIBLE): wValidBitsPerSample=32, dwChannelMask=0x00000003, SubFormat=00000003-0000-0010-8000-00AA00389B71.
[LOG] OutputWASAPI::init                       : Output buffer size: 3760 samples, latency: 0.00ms, period: 10.00ms, DSP buffer: 1024 * 4
[WRN] SystemI::init                            : Output requires a sample rate of 44100Hz, resampling will occur.
[LOG] SystemI::init                            : Create master channel group and master sound group.
[LOG] SystemI::init                            : Set up emulated output.  256 channels
[LOG] SystemI::init                            : create the channel pool
[LOG] SystemI::init                            : create the stream thread
[LOG] Thread::initThread                       : Init FMOD stream thread. Priority: 2, Stack Size: 65536, Semaphore: No, Sleep Time: 10, Looping: Yes.
[LOG] Thread::initThread                       : Init FMOD mixer thread. Priority: 3, Stack Size: 49152, Semaphore: No, Sleep Time: 0, Looping: Yes.
[LOG] AsyncManager::init                       : manager 0000000060940358 isAsync 0 updatePeriod 0.02
[LOG] AsyncManager::init                       : done
[LOG] PlaybackSystem::init                     : 
[LOG] Thread::initThread                       : Init FMOD Studio sample load thread. Priority: 0, Stack Size: 65536, Semaphore: No, Sleep Time: 1, Looping: No.
[LOG] PlaybackSystem::init                     : done
[LOG] Thread::initThread                       : Init FMOD Studio bank load thread. Priority: 0, Stack Size: 65536, Semaphore: No, Sleep Time: 1, Looping: No.
[LOG] Manager::init                            : done.
[LOG] Manager::readBank                        : fileversion = 99, compatVersion = 99 (oldest = 44, newest = 99)
[LOG] Manager::readBank                        : fileversion = 99, compatVersion = 99 (oldest = 44, newest = 99)
[LOG] SystemI::createSoundInternal             : filename =  : mode 02000202
[LOG] SystemI::createSoundInternal             : exinfo->cbsize             = 232
[LOG] SystemI::createSoundInternal             : exinfo->length             = 5863040
[LOG] SystemI::createSoundInternal             : exinfo->fileoffset         = 32256
[LOG] SystemI::createSoundInternal             : exinfo->numsubsounds       = 1
[LOG] SystemI::createSoundInternal             : exinfo->inclusionlist      = 000000006C6AF5FC
[LOG] SystemI::createSoundInternal             : exinfo->inclusionlistnum   = 1
[LOG] SystemI::createSoundInternal             : exinfo->suggestedsoundtype = 5
[LOG] SystemI::createSoundInternal             : exinfo->useropen           = 00007FFE532957A0
[LOG] SystemI::createSoundInternal             : exinfo->userclose          = 00007FFE53295770
[LOG] SystemI::createSoundInternal             : exinfo->userread           = 00007FFE53295870
[LOG] SystemI::createSoundInternal             : exinfo->userseek           = 00007FFE53295920
[LOG] SystemI::createSoundInternal             : exinfo->fileuserdata       = 0000000060B49428
[LOG] SystemI::createSoundInternal             : exinfo->initialseekpostype = 1
[LOG] SystemI::DSPCodecPoolRegister            : register codec pool for pool type 5
[LOG] SystemI::createSoundInternal             : Format has 1 subsounds.
[LOG] SystemI::createSoundInternal             : Create as FMOD_CREATESAMPLE
[LOG] SystemI::createSoundInternal             : Multi-sample sound (1 subsounds), create a sample container.
[LOG] SystemI::createSoundInternal             : creating subsound 0/1
[LOG] SystemI::createSample                    : mode 02000202 length 82755 samples, lengthbytes 23872
[LOG] SystemI::createSample                    : channels = 2
[LOG] SystemI::createSample                    : output = 00000000608D9C68
[LOG] OutputSoftware::createSample             : lengthpcm 82755, lengthbytes 23872, channels 2, format 2, freq 48000, mode 0200020a
[LOG] SystemI::createSoundInternal             : No name found in file, use filename.
[LOG] SystemI::createSoundInternal             : done.  OpenState now = FMOD_OPENSTATE_READY.

[LOG] SystemI::createSoundInternal             : filename =  : mode 02000202
[LOG] SystemI::createSoundInternal             : exinfo->cbsize             = 232
[LOG] SystemI::createSoundInternal             : exinfo->length             = 5863040
[LOG] SystemI::createSoundInternal             : exinfo->fileoffset         = 32256
[LOG] SystemI::createSoundInternal             : exinfo->numsubsounds       = 1
[LOG] SystemI::createSoundInternal             : exinfo->inclusionlist      = 000000006C6AF5FC
[LOG] SystemI::createSoundInternal             : exinfo->inclusionlistnum   = 1
[LOG] SystemI::createSoundInternal             : exinfo->suggestedsoundtype = 5
[LOG] SystemI::createSoundInternal             : exinfo->useropen           = 00007FFE532957A0
[LOG] SystemI::createSoundInternal             : exinfo->userclose          = 00007FFE53295770
[LOG] SystemI::createSoundInternal             : exinfo->userread           = 00007FFE53295870
[LOG] SystemI::createSoundInternal             : exinfo->userseek           = 00007FFE53295920
[LOG] SystemI::createSoundInternal             : exinfo->fileuserdata       = 0000000060B47CC8
[LOG] SystemI::createSoundInternal             : exinfo->initialseekpostype = 1
[LOG] SystemI::DSPCodecPoolRegister            : register codec pool for pool type 5
[LOG] SystemI::createSoundInternal             : Format has 1 subsounds.
[LOG] SystemI::createSoundInternal             : Create as FMOD_CREATESAMPLE
[LOG] SystemI::createSoundInternal             : Multi-sample sound (1 subsounds), create a sample container.
[LOG] SystemI::createSoundInternal             : creating subsound 0/1
[LOG] SystemI::createSample                    : mode 02000202 length 22569 samples, lengthbytes 4384
[LOG] SystemI::createSample                    : channels = 2
[LOG] SystemI::createSample                    : output = 00000000608D9C68
[LOG] OutputSoftware::createSample             : lengthpcm 22569, lengthbytes 4384, channels 2, format 2, freq 48000, mode 0200020a
[LOG] SystemI::createSoundInternal             : No name found in file, use filename.
[LOG] SystemI::createSoundInternal             : done.  OpenState now = FMOD_OPENSTATE_READY.

[LOG] Thread::initThread                       : Init FMOD profiler thread (recv). Priority: 0, Stack Size: 131072, Semaphore: No, Sleep Time: 0, Looping: No.
[LOG] Thread::initThread                       : Init FMOD profiler thread (send). Priority: 0, Stack Size: 131072, Semaphore: No, Sleep Time: 0, Looping: No.
[LOG] LiveUpdate::clientConnected              : client = 0000000012915618
[LOG] LiveUpdate::readPacket                   : Accepting init message for client 0000000012915618
[LOG] LiveUpdate::transitionToConnected        : 
[LOG] Manager::sendConnectTimeHash             : 
[LOG] LiveUpdate::sendBankHash                 : 
[LOG] LiveUpdate::sendBankHash                 : 
[LOG] LiveUpdate::sendBankHash                 : 
[LOG] LiveUpdate::acceptInitPacket             : Client 0000000012915618 connected, entering connected state
[LOG] SoundI::release                          :  (000000000287B678)
[LOG] SoundI::release                          : release subsounds. (000000000287B678)
[LOG] SoundI::release                          :     Player_colision (0000000055E09918)
[LOG] SoundI::release                          :     done
[LOG] SoundI::release                          : release codec. (000000000287B678)
[LOG] SoundI::release                          : done
[LOG] SoundI::release                          :  (000000004081F6A8)
[LOG] SoundI::release                          : release subsounds. (000000004081F6A8)
[LOG] SoundI::release                          :     Bienvenue_01 (00000000028848D8)
[LOG] SoundI::release                          :     done
[LOG] SoundI::release                          : release codec. (000000004081F6A8)
[LOG] SoundI::release                          : done
[LOG] SystemI::createSoundInternal             : filename =  : mode 02000202
[LOG] SystemI::createSoundInternal             : exinfo->cbsize             = 232
[LOG] SystemI::createSoundInternal             : exinfo->length             = 5863040
[LOG] SystemI::createSoundInternal             : exinfo->fileoffset         = 32256
[LOG] SystemI::createSoundInternal             : exinfo->numsubsounds       = 1
[LOG] SystemI::createSoundInternal             : exinfo->inclusionlist      = 000000006C6AF5FC
[LOG] SystemI::createSoundInternal             : exinfo->inclusionlistnum   = 1
[LOG] SystemI::createSoundInternal             : exinfo->suggestedsoundtype = 5
[LOG] SystemI::createSoundInternal             : exinfo->useropen           = 00007FFE532957A0
[LOG] SystemI::createSoundInternal             : exinfo->userclose          = 00007FFE53295770
[LOG] SystemI::createSoundInternal             : exinfo->userread           = 00007FFE53295870
[LOG] SystemI::createSoundInternal             : exinfo->userseek           = 00007FFE53295920
[LOG] SystemI::createSoundInternal             : exinfo->fileuserdata       = 0000000060B49A88
[LOG] SystemI::createSoundInternal             : exinfo->initialseekpostype = 1
[LOG] SystemI::DSPCodecPoolRegister            : register codec pool for pool type 5
[LOG] SystemI::createSoundInternal             : Format has 1 subsounds.
[LOG] SystemI::createSoundInternal             : Create as FMOD_CREATESAMPLE
[LOG] SystemI::createSoundInternal             : Multi-sample sound (1 subsounds), create a sample container.
[LOG] SystemI::createSoundInternal             : creating subsound 0/1
[LOG] SystemI::createSample                    : mode 02000202 length 22569 samples, lengthbytes 4384
[LOG] SystemI::createSample                    : channels = 2
[LOG] SystemI::createSample                    : output = 00000000608D9C68
[LOG] OutputSoftware::createSample             : lengthpcm 22569, lengthbytes 4384, channels 2, format 2, freq 48000, mode 0200020a
[LOG] SystemI::createSoundInternal             : No name found in file, use filename.
[LOG] SystemI::createSoundInternal             : done.  OpenState now = FMOD_OPENSTATE_READY.

[LOG] Manager::readBank                        : fileversion = 99, compatVersion = 99 (oldest = 44, newest = 99)
[LOG] SystemI::createSound                     : filename = D:\Mes Documents\Mes Cours\Master_2\Son_Musique\soccer_sim\Build\Desktop/Master Bank.bank : mode 02010082
[LOG] SystemI::createSound                     : FMOD_NONBLOCKING specified.  Putting into queue to be opened asynchronously!
[LOG] SystemI::createSound                     : setdata soundi = 000000005617B4F8 : node = 00000000601C1D60
[LOG] SystemI::createSound                     : add node to async list : head = 0000000002883508.  list count = 0
[LOG] AsyncThread::threadFunc                  : Starting Asynchronous operation on sound 000000005617B4F8
[LOG] SystemI::createSoundInternal             :     filename = D:\Mes Documents\Mes Cours\Master_2\Son_Musique\soccer_sim\Build\Desktop/Master Bank.bank : mode 02010082
[LOG] SystemI::createSoundInternal             :     exinfo->cbsize             = 232
[LOG] SystemI::createSoundInternal             :     exinfo->length             = 5863040
[LOG] SystemI::createSoundInternal             :     exinfo->fileoffset         = 32256
[LOG] SystemI::createSoundInternal             :     exinfo->numsubsounds       = 1
[LOG] SystemI::createSoundInternal             :     exinfo->inclusionlist      = 00000000601C1E78
[LOG] SystemI::createSoundInternal             :     exinfo->inclusionlistnum   = 1
[LOG] SystemI::createSoundInternal             :     exinfo->suggestedsoundtype = 5
[LOG] SystemI::createSoundInternal             :     exinfo->initialseekpostype = 1
[LOG] SystemI::createSoundInternal             :     Format has 1 subsounds.
[LOG] SystemI::createSoundInternal             :     Create as FMOD_CREATESTREAM
[LOG] System::createSoundInternal              :     decode buffersize = 19200 : blocksize = 256 : format = 2
[LOG] SystemI::createSoundInternal             :     filename =  : mode 02000202
[LOG] SystemI::createSample                    :     mode 02010082 length 19200 samples, lengthbytes 292384
[LOG] SystemI::createSoundInternal             :     exinfo->cbsize             = 232
[LOG] SystemI::createSample                    :     channels = 2
[LOG] SystemI::createSoundInternal             :     exinfo->length             = 5863040
[LOG] SystemI::createSample                    :     output = 00000000608D9C68
[LOG] SystemI::createSoundInternal             :     exinfo->fileoffset         = 32256
[LOG] OutputSoftware::createSample             :     lengthpcm 19200, lengthbytes 292384, channels 2, format 2, freq 48000, mode 0201008a
[LOG] SystemI::createSoundInternal             :     exinfo->numsubsounds       = 1
[LOG] SystemI::createSoundInternal             :     exinfo->inclusionlist      = 000000006C6AF5FC
[LOG] SystemI::createSoundInternal             :     exinfo->inclusionlistnum   = 1
[LOG] SystemI::createSoundInternal             :     exinfo->suggestedsoundtype = 5
[LOG] System::createSoundInternal              :     1 subsounds detected.
[LOG] SystemI::createSoundInternal             :     exinfo->useropen           = 00007FFE532957A0
[LOG] System::createSoundInternal              :     Seek stream to start
[LOG] SystemI::createSoundInternal             :     exinfo->userclose          = 00007FFE53295770
[LOG] SystemI::createSoundInternal             :     exinfo->userread           = 00007FFE53295870
[LOG] SystemI::createSoundInternal             :     exinfo->userseek           = 00007FFE53295920
[LOG] SystemI::createSoundInternal             :     exinfo->fileuserdata       = 0000000060B49208
[LOG] SystemI::createSoundInternal             :     exinfo->initialseekpostype = 1
[LOG] System::createSoundInternal              :     flush stream buffer
[LOG] SystemI::DSPCodecPoolRegister            :     register codec pool for pool type 5
[LOG] SystemI::createSoundInternal             :     Format has 1 subsounds.
[LOG] SystemI::createSoundInternal             :     Create as FMOD_CREATESAMPLE
[LOG] SystemI::createSoundInternal             :     Multi-sample sound (1 subsounds), create a sample container.
[LOG] SystemI::createSoundInternal             :     creating subsound 0/1
[LOG] SystemI::createSample                    :     mode 02000202 length 58932 samples, lengthbytes 15168
[LOG] SystemI::createSample                    :     channels = 2
[LOG] SystemI::createSample                    :     output = 00000000608D9C68
[LOG] OutputSoftware::createSample             :     lengthpcm 58932, lengthbytes 15168, channels 2, format 2, freq 48000, mode 0200020a
[LOG] SystemI::createSoundInternal             :     No name found in file, use filename.
[LOG] SystemI::createSoundInternal             :     done.  OpenState now = FMOD_OPENSTATE_READY.

[LOG] SystemI::createSoundInternal             :     filename =  : mode 02000202
[LOG] SystemI::createSoundInternal             :     exinfo->cbsize             = 232
[LOG] SystemI::createSoundInternal             :     exinfo->length             = 5863040
[LOG] SystemI::createSoundInternal             :     exinfo->fileoffset         = 32256
[LOG] SystemI::createSoundInternal             :     exinfo->numsubsounds       = 1
[LOG] SystemI::createSoundInternal             :     exinfo->inclusionlist      = 000000006C6AF5FC
[LOG] SystemI::createSoundInternal             :     exinfo->inclusionlistnum   = 1
[LOG] SystemI::createSoundInternal             :     exinfo->suggestedsoundtype = 5
[LOG] SystemI::createSoundInternal             :     exinfo->useropen           = 00007FFE532957A0
[LOG] SystemI::createSoundInternal             :     exinfo->userclose          = 00007FFE53295770
[LOG] SystemI::createSoundInternal             :     exinfo->userread           = 00007FFE53295870
[LOG] SystemI::createSoundInternal             :     exinfo->userseek           = 00007FFE53295920
[LOG] SystemI::createSoundInternal             :     exinfo->fileuserdata       = 0000000060B49208
[LOG] SystemI::createSoundInternal             :     exinfo->initialseekpostype = 1
[LOG] SystemI::DSPCodecPoolRegister            :     register codec pool for pool type 5
[LOG] SystemI::createSoundInternal             :     Format has 1 subsounds.
[LOG] SystemI::createSoundInternal             :     Create as FMOD_CREATESAMPLE
[LOG] SystemI::createSoundInternal             :     Multi-sample sound (1 subsounds), create a sample container.
[LOG] SystemI::createSoundInternal             :     creating subsound 0/1
[LOG] SystemI::createSample                    :     mode 02000202 length 81502 samples, lengthbytes 20992
[LOG] SystemI::createSample                    :     channels = 2
[LOG] SystemI::createSample                    :     output = 00000000608D9C68
[LOG] OutputSoftware::createSample             :     lengthpcm 81502, lengthbytes 20992, channels 2, format 2, freq 48000, mode 0200020a
[LOG] SystemI::createSoundInternal             :     No name found in file, use filename.
[LOG] SystemI::createSoundInternal             :     done.  OpenState now = FMOD_OPENSTATE_READY.

[LOG] SystemI::createSoundInternal             :     filename =  : mode 02000202
[LOG] SystemI::createSoundInternal             :     exinfo->cbsize             = 232
[LOG] SystemI::createSoundInternal             :     exinfo->length             = 5863040
[LOG] SystemI::createSoundInternal             :     exinfo->fileoffset         = 32256
[LOG] SystemI::createSoundInternal             :     exinfo->numsubsounds       = 1
[LOG] SystemI::createSoundInternal             :     exinfo->inclusionlist      = 000000006C6AF5FC
[LOG] SystemI::createSoundInternal             :     exinfo->inclusionlistnum   = 1
[LOG] SystemI::createSoundInternal             :     exinfo->suggestedsoundtype = 5
[LOG] SystemI::createSoundInternal             :     exinfo->useropen           = 00007FFE532957A0
[LOG] SystemI::createSoundInternal             :     exinfo->userclose          = 00007FFE53295770
[LOG] SystemI::createSoundInternal             :     exinfo->userread           = 00007FFE53295870
[LOG] SystemI::createSoundInternal             :     exinfo->userseek           = 00007FFE53295920
[LOG] SystemI::createSoundInternal             :     exinfo->fileuserdata       = 0000000060B49208
[LOG] SystemI::createSoundInternal             :     exinfo->initialseekpostype = 1
[LOG] SystemI::DSPCodecPoolRegister            :     register codec pool for pool type 5
[LOG] SystemI::createSoundInternal             :     Format has 1 subsounds.
[LOG] SystemI::createSoundInternal             :     Create as FMOD_CREATESAMPLE
[LOG] SystemI::createSoundInternal             :     Multi-sample sound (1 subsounds), create a sample container.
[LOG] SystemI::createSoundInternal             :     creating subsound 0/1
[LOG] SystemI::createSample                    :     mode 02000202 length 96548 samples, lengthbytes 25088
[LOG] SystemI::createSample                    :     channels = 2
[LOG] SystemI::createSample                    :     output = 00000000608D9C68
[LOG] OutputSoftware::createSample             :     lengthpcm 96548, lengthbytes 25088, channels 2, format 2, freq 48000, mode 0200020a
[LOG] SystemI::createSoundInternal             :     No name found in file, use filename.
[LOG] SystemI::createSoundInternal             :     done.  OpenState now = FMOD_OPENSTATE_READY.

[LOG] SystemI::createSoundInternal             :     filename =  : mode 02000202
[LOG] SystemI::createSoundInternal             :     exinfo->cbsize             = 232
[LOG] SystemI::createSoundInternal             :     exinfo->length             = 5863040
[LOG] SystemI::createSoundInternal             :     exinfo->fileoffset         = 32256
[LOG] SystemI::createSoundInternal             :     exinfo->numsubsounds       = 1
[LOG] SystemI::createSoundInternal             :     exinfo->inclusionlist      = 000000006C6AF5FC
[LOG] SystemI::createSoundInternal             :     exinfo->inclusionlistnum   = 1
[LOG] SystemI::createSoundInternal             :     exinfo->suggestedsoundtype = 5
[LOG] SystemI::createSoundInternal             :     exinfo->useropen           = 00007FFE532957A0
[LOG] SystemI::createSoundInternal             :     exinfo->userclose          = 00007FFE53295770
[LOG] SystemI::createSoundInternal             :     exinfo->userread           = 00007FFE53295870
[LOG] SystemI::createSoundInternal             :     exinfo->userseek           = 00007FFE53295920
[LOG] SystemI::createSoundInternal             :     exinfo->fileuserdata       = 0000000060B49208
[LOG] SystemI::createSoundInternal             :     exinfo->initialseekpostype = 1
[LOG] SystemI::DSPCodecPoolRegister            :     register codec pool for pool type 5
[LOG] SystemI::createSoundInternal             :     Format has 1 subsounds.
[LOG] SystemI::createSoundInternal             :     Create as FMOD_CREATESAMPLE
[LOG] SystemI::createSoundInternal             :     Multi-sample sound (1 subsounds), create a sample container.
[LOG] SystemI::createSoundInternal             :     creating subsound 0/1
[LOG] SystemI::createSample                    :     mode 02000202 length 63947 samples, lengthbytes 16896
[LOG] SystemI::createSample                    :     channels = 2
[LOG] SystemI::createSample                    :     output = 00000000608D9C68
[LOG] OutputSoftware::createSample             :     lengthpcm 63947, lengthbytes 16896, channels 2, format 2, freq 48000, mode 0200020a
[LOG] SystemI::createSoundInternal             :     No name found in file, use filename.
[LOG] SystemI::createSoundInternal             :     done.  OpenState now = FMOD_OPENSTATE_READY.

[LOG] SystemI::createSoundInternal             :     filename =  : mode 02000202
[LOG] SystemI::createSoundInternal             :     exinfo->cbsize             = 232
[LOG] SystemI::createSoundInternal             :     exinfo->length             = 5863040
[LOG] SystemI::createSoundInternal             :     exinfo->fileoffset         = 32256
[LOG] SystemI::createSoundInternal             :     exinfo->numsubsounds       = 1
[LOG] SystemI::createSoundInternal             :     exinfo->inclusionlist      = 000000006C6AF5FC
[LOG] SystemI::createSoundInternal             :     exinfo->inclusionlistnum   = 1
[LOG] SystemI::createSoundInternal             :     exinfo->suggestedsoundtype = 5
[LOG] SystemI::createSoundInternal             :     exinfo->useropen           = 00007FFE532957A0
[LOG] SystemI::createSoundInternal             :     exinfo->userclose          = 00007FFE53295770
[LOG] SystemI::createSoundInternal             :     exinfo->userread           = 00007FFE53295870
[LOG] SystemI::createSoundInternal             :     exinfo->userseek           = 00007FFE53295920
[LOG] SystemI::createSoundInternal             :     exinfo->fileuserdata       = 0000000060B49208
[LOG] SystemI::createSoundInternal             :     exinfo->initialseekpostype = 1
[LOG] SystemI::DSPCodecPoolRegister            :     register codec pool for pool type 5
[LOG] SystemI::createSoundInternal             :     Format has 1 subsounds.
[LOG] System::createSoundInternal              :     flush successful.
[LOG] SystemI::createSoundInternal             :     Create as FMOD_CREATESAMPLE
[LOG] System::createSoundInternal              :     switch file handle from small blocking single buffered to large nonblocking doublebuffered.
[LOG] SystemI::createSoundInternal             :     Multi-sample sound (1 subsounds), create a sample container.
[LOG] SystemI::createSoundInternal             :     creating subsound 0/1
[LOG] SystemI::createSample                    :     mode 02000202 length 45139 samples, lengthbytes 12064
[LOG] SystemI::createSoundInternal             :     done.  OpenState now = FMOD_OPENSTATE_READY.

[LOG] SystemI::createSample                    :     channels = 2
[LOG] AsyncThread::threadFunc                  : Finished Asynchronous operation on sound 000000005617B4F8
[LOG] SystemI::createSample                    : output = 00000000608D9C68
[LOG] OutputSoftware::createSample             : lengthpcm 45139, lengthbytes 12064, channels 2, format 2, freq 48000, mode 0200020a
[LOG] SystemI::createSoundInternal             : No name found in file, use filename.
[LOG] SystemI::createSoundInternal             : done.  OpenState now = FMOD_OPENSTATE_READY.

[LOG] SoundI::getSubSound                      : sound 000000005617B4F8.  Subsound index 0 / 1
[LOG] Manager::readBank                        : fileversion = 99, compatVersion = 99 (oldest = 44, newest = 99)
[LOG] SoundI::release                          :  (000000004081EF78)
[LOG] SoundI::release                          : release subsounds. (000000004081EF78)
[LOG] SoundI::release                          :     Bienvenue_02 (0000000002882ED8)
[LOG] SoundI::release                          :     done
[LOG] SoundI::release                          : release codec. (000000004081EF78)
[LOG] SoundI::release                          : done
[LOG] Manager::readBank                        : fileversion = 99, compatVersion = 99 (oldest = 44, newest = 99)
[LOG] Manager::readBank                        : fileversion = 99, compatVersion = 99 (oldest = 44, newest = 99)
[LOG] Manager::readBank                        : fileversion = 99, compatVersion = 99 (oldest = 44, newest = 99)
[LOG] SystemI::createSound                     : filename = D:\Mes Documents\Mes Cours\Master_2\Son_Musique\soccer_sim\Build\Desktop/Master Bank.bank : mode 02010082
[LOG] SystemI::createSound                     : FMOD_NONBLOCKING specified.  Putting into queue to be opened asynchronously!
[LOG] SystemI::createSound                     : setdata soundi = 000000005617B6A8 : node = 00000000601C22A0
[LOG] SystemI::createSound                     : add node to async list : head = 0000000002883508.  list count = 0
[LOG] AsyncThread::threadFunc                  : Starting Asynchronous operation on sound 000000005617B6A8
[LOG] SystemI::createSoundInternal             :     filename = D:\Mes Documents\Mes Cours\Master_2\Son_Musique\soccer_sim\Build\Desktop/Master Bank.bank : mode 02010082
[LOG] SystemI::createSoundInternal             :     exinfo->cbsize             = 232
[LOG] SystemI::createSoundInternal             :     exinfo->length             = 5863040
[LOG] SystemI::createSoundInternal             :     exinfo->fileoffset         = 32256
[LOG] SystemI::createSoundInternal             :     exinfo->numsubsounds       = 1
[LOG] SystemI::createSoundInternal             :     exinfo->inclusionlist      = 00000000601C23B8
[LOG] SystemI::createSoundInternal             :     exinfo->inclusionlistnum   = 1
[LOG] SystemI::createSoundInternal             :     exinfo->suggestedsoundtype = 5
[LOG] SystemI::createSoundInternal             :     exinfo->initialseekpostype = 1
[LOG] SystemI::createSoundInternal             :     Format has 1 subsounds.
[LOG] SystemI::createSoundInternal             :     Create as FMOD_CREATESTREAM
[LOG] System::createSoundInternal              :     decode buffersize = 19200 : blocksize = 256 : format = 2
[LOG] SystemI::createSample                    :     mode 02010082 length 19200 samples, lengthbytes 292384
[LOG] SystemI::createSample                    :     channels = 2
[LOG] SystemI::createSample                    :     output = 00000000608D9C68
[LOG] OutputSoftware::createSample             :     lengthpcm 19200, lengthbytes 292384, channels 2, format 2, freq 48000, mode 0201008a
[LOG] System::createSoundInternal              :     1 subsounds detected.
[LOG] System::createSoundInternal              :     Seek stream to start
[LOG] System::createSoundInternal              :     flush stream buffer
[LOG] System::createSoundInternal              :     flush successful.
[LOG] System::createSoundInternal              :     switch file handle from small blocking single buffered to large nonblocking doublebuffered.
[LOG] SystemI::createSoundInternal             :     done.  OpenState now = FMOD_OPENSTATE_READY.

[LOG] AsyncThread::threadFunc                  : Finished Asynchronous operation on sound 000000005617B6A8
[LOG] SoundI::getSubSound                      : sound 000000005617B6A8.  Subsound index 0 / 1
[LOG] Manager::readBank                        : fileversion = 99, compatVersion = 99 (oldest = 44, newest = 99)
[LOG] SoundI::release                          :  (000000004081F988)
[LOG] SoundI::release                          : release subsounds. (000000004081F988)
[LOG] SoundI::release                          :     Je_suis_jean_michel (0000000002883218)
[LOG] SoundI::release                          :     done
[LOG] SoundI::release                          : release codec. (000000004081F988)
[LOG] SoundI::release                          : done
[LOG] SoundI::release                          : Football_Crowd_General_Atmosphere (000000005F4281F8)
[LOG] SoundI::release                          : remove stream samples. (000000005F4281F8)
[LOG] SoundI::release                          :     Football_Crowd_General_Atmosphere (0000000002884258)
[LOG] SoundI::release                          :     done
[LOG] SoundI::release                          : release subsounds. (000000005F4281F8)
[LOG] SoundI::release                          :     Football_Crowd_General_Atmosphere (000000005F427B38)
[LOG] SoundI::release                          :     done
[LOG] SoundI::release                          : release codec. (000000005F4281F8)
[LOG] SoundI::release                          : done
[LOG] SoundI::release                          : Near_Miss (000000005617B6A8)
[LOG] SoundI::release                          : remove stream samples. (000000005617B6A8)
[LOG] SoundI::release                          :     Near_Miss (0000000040988768)
[LOG] SoundI::release                          :     done
[LOG] SoundI::release                          : release subsounds. (000000005617B6A8)
[LOG] SoundI::release                          :     Near_Miss (000000005617B858)
[LOG] SoundI::release                          :     done
[LOG] SoundI::release                          : release codec. (000000005617B6A8)
[LOG] SoundI::release                          : done
[LOG] SoundI::release                          : Near_Miss (000000005617B4F8)
[LOG] SoundI::release                          : remove stream samples. (000000005617B4F8)
[LOG] SoundI::release                          :     Near_Miss (00000000028848D8)
[LOG] SoundI::release                          :     done
[LOG] SoundI::release                          : release subsounds. (000000005617B4F8)
[LOG] SoundI::release                          :     Near_Miss (000000005617BBB8)
[LOG] SoundI::release                          :     done
[LOG] SoundI::release                          : release codec. (000000005617B4F8)
[LOG] SoundI::release                          : done
[LOG] SoundI::release                          :  (000000000287B678)
[LOG] SoundI::release                          : release subsounds. (000000000287B678)
[LOG] SoundI::release                          :     Player_colision (0000000055E09918)
[LOG] SoundI::release                          :     done
[LOG] SoundI::release                          : release codec. (000000000287B678)
[LOG] SoundI::release                          : done
[LOG] SoundI::release                          :  (000000004081F6A8)
[LOG] SoundI::release                          : release subsounds. (000000004081F6A8)
[LOG] SoundI::release                          :     Oh_mais_quel_tir_01 (0000000040989608)
[LOG] SoundI::release                          :     done
[LOG] SoundI::release                          : release codec. (000000004081F6A8)
[LOG] SoundI::release                          : done
[LOG] SoundI::release                          :  (000000000287B7E8)
[LOG] SoundI::release                          : release subsounds. (000000000287B7E8)
[LOG] SoundI::release                          :     Oh_mais_quel_tir_02 (0000000040988428)
[LOG] SoundI::release                          :     done
[LOG] SoundI::release                          : release codec. (000000000287B7E8)
[LOG] SoundI::release                          : done
[LOG] SoundI::release                          :  (0000000060BF4D88)
[LOG] SoundI::release                          : release subsounds. (0000000060BF4D88)
[LOG] SoundI::release                          :     Oh_mais_quel_tir_03 (00000000409885C8)
[LOG] SoundI::release                          :     done
[LOG] SoundI::release                          : release codec. (0000000060BF4D88)
[LOG] SoundI::release                          : done
[LOG] SoundI::release                          :  (0000000060BF5908)
[LOG] SoundI::release                          : release subsounds. (0000000060BF5908)
[LOG] SoundI::release                          :     Oh_mais_quel_tir_04 (0000000040989128)
[LOG] SoundI::release                          :     done
[LOG] SoundI::release                          : release codec. (0000000060BF5908)
[LOG] SoundI::release                          : done
[LOG] SoundI::release                          :  (0000000060BF5348)
[LOG] SoundI::release                          : release subsounds. (0000000060BF5348)
[LOG] SoundI::release                          :     Oh_mais_quel_tir_05 (0000000040988C48)
[LOG] SoundI::release                          :     done
[LOG] SoundI::release                          : release codec. (0000000060BF5348)
[LOG] SoundI::release                          : done
[LOG] SoundI::release                          :  (0000000012956308)
[LOG] SoundI::release                          : release subsounds. (0000000012956308)
[LOG] SoundI::release                          :     Shoot (00000000028836F8)
[LOG] SoundI::release                          :     done
[LOG] SoundI::release                          : release codec. (0000000012956308)
[LOG] SoundI::release                          : done
[LOG] SoundI::release                          :  (000000004081FDD8)
[LOG] SoundI::release                          : release subsounds. (000000004081FDD8)
[LOG] SoundI::release                          :     Cest_une_belle_passe_01 (00000000028843F8)
[LOG] SoundI::release                          :     done
[LOG] SoundI::release                          : release codec. (000000004081FDD8)
[LOG] SoundI::release                          : done
[LOG] SoundI::release                          :  (000000004081EC98)
[LOG] SoundI::release                          : release subsounds. (000000004081EC98)
[LOG] SoundI::release                          :     Cest_une_belle_passe_02 (0000000002883898)
[LOG] SoundI::release                          :     done
[LOG] SoundI::release                          : release codec. (000000004081EC98)
[LOG] SoundI::release                          : done
[LOG] SoundI::release                          :  (000000004081FAF8)
[LOG] SoundI::release                          : release subsounds. (000000004081FAF8)
[LOG] SoundI::release                          :     Et_cest_le_but_01 (0000000002883558)
[LOG] SoundI::release                          :     done
[LOG] SoundI::release                          : release codec. (000000004081FAF8)
[LOG] SoundI::release                          : done
[LOG] SoundI::release                          :  (000000004081F818)
[LOG] SoundI::release                          : release subsounds. (000000004081F818)
[LOG] SoundI::release                          :     Et_cest_le_but_02 (0000000002883078)
[LOG] SoundI::release                          :     done
[LOG] SoundI::release                          : release codec. (000000004081F818)
[LOG] SoundI::release                          : done
[LOG] SoundI::release                          :  (00000000408200B8)
[LOG] SoundI::release                          : release subsounds. (00000000408200B8)
[LOG] SoundI::release                          :     Et_cest_le_but_03 (0000000002884A78)
[LOG] SoundI::release                          :     done
[LOG] SoundI::release                          : release codec. (00000000408200B8)
[LOG] SoundI::release                          : done
[LOG] SoundI::release                          :  (000000004081F258)
[LOG] SoundI::release                          : release subsounds. (000000004081F258)
[LOG] SoundI::release                          :     Gaulle_gaulle_gaulle (0000000002883A38)
[LOG] SoundI::release                          :     done
[LOG] SoundI::release                          : release codec. (000000004081F258)
[LOG] SoundI::release                          : done
[LOG] Thread::callback                         : FMOD Studio update thread finished.
[LOG] Thread::callback                         : FMOD Studio bank load thread finished.
[LOG] ProfileClient::markForDead               : Closing client connection
[LOG] Profile::disconnectAll                   : Profiler disconnecting all clients
[LOG] Thread::callback                         : FMOD profiler thread (send) finished.
[LOG] FMOD_OS_Net_Read                         : Interrupted.[ERR] ProfileClient::recvThreadLoopFunction    : Recv thread loop returned 16
[LOG] Thread::callback                         : FMOD profiler thread (recv) finished.
[LOG] Thread::callback                         : FMOD Studio sample load thread finished.
[LOG] LiveUpdate::release                      : 
[LOG] LiveUpdate::reset                        : Reset connection (reason Disconnected)
[LOG] SystemI::close                           : 
[LOG] SystemI::close                           : Stop all sounds
[LOG] Thread::callback                         : FMOD stream thread finished.
[LOG] SystemI::close                           : Stream thread destroyed
[LOG] Thread::callback                         : FMOD mixer thread finished.
[LOG] Profile::disconnectAll                   : Profiler disconnecting all clients
[LOG] SystemI::close                           : Free master channel group.
[LOG] SystemI::close                           : Remove 'master' sound group.
[LOG] SystemI::close                           : Free software output.
[LOG] SystemI::close                           : Free emulated output.
[LOG] SystemI::close                           : Free channel pool.
[LOG] SystemI::close                           : done.

[LOG] Manager::readBank                        : fileversion = 99, compatVersion = 99 (oldest = 44, newest = 99)
[LOG] Manager::readBank                        : fileversion = 99, compatVersion = 99 (oldest = 44, newest = 99)
[LOG] Manager::readBank                        : fileversion = 99, compatVersion = 99 (oldest = 44, newest = 99)
[LOG] Manager::readBank                        : fileversion = 99, compatVersion = 99 (oldest = 44, newest = 99)
[LOG] Manager::readBank                        : fileversion = 99, compatVersion = 99 (oldest = 44, newest = 99)
[LOG] Manager::readBank                        : fileversion = 99, compatVersion = 99 (oldest = 44, newest = 99)
[LOG] PlaybackSystem::acquireMasterBus         : Setting master channel group format to 6
[LOG] Manager::readBank                        : fileversion = 99, compatVersion = 99 (oldest = 44, newest = 99)
[LOG] Manager::readBank                        : fileversion = 99, compatVersion = 99 (oldest = 44, newest = 99)
[LOG] Manager::readBank                        : fileversion = 99, compatVersion = 99 (oldest = 44, newest = 99)
[LOG] Manager::readBank                        : fileversion = 99, compatVersion = 99 (oldest = 44, newest = 99)
[LOG] Manager::readBank                        : fileversion = 99, compatVersion = 99 (oldest = 44, newest = 99)
[LOG] Manager::readBank                        : fileversion = 99, compatVersion = 99 (oldest = 44, newest = 99)
[LOG] PlaybackSystem::acquireMasterBus         : Setting master channel group format to 6
[LOG] Thread::callback                         : FMOD Studio bank load thread finished.
[LOG] Thread::callback                         : FMOD Studio sample load thread finished.
[LOG] LiveUpdate::release                      : 
[LOG] LiveUpdate::reset                        : Reset connection (reason Disconnected)
[LOG] SystemI::close                           : 
[LOG] SystemI::close                           : Stop all sounds
[LOG] Thread::callback                         : FMOD stream thread finished.
[LOG] SystemI::close                           : Stream thread destroyed
[LOG] Thread::callback                         : FMOD mixer thread finished.
[LOG] SystemI::close                           : Free master channel group.
[LOG] SystemI::close                           : Remove 'master' sound group.
[LOG] SystemI::close                           : Free software output.
[LOG] SystemI::close                           : Free emulated output.
[LOG] SystemI::close                           : Free channel pool.
[LOG] Thread::callback                         : FMOD nonblocking thread (0) finished.
[LOG] Thread::callback                         : FMOD file thread finished.
[LOG] SystemI::close                           : done.

